<?xml version="1.0" encoding="UTF-8"?>
<!-- Generated by org.testng.reporters.JUnitXMLReporter -->
<testsuite hostname="Mariappans-MBP" ignored="0" name="Default test" tests="5" failures="0" timestamp="08 May 2018 16:32:52 GMT" time="181.416" errors="0">
  <testcase name="validateHomePagecontent" time="1.625" classname="com.Myobservatory.qa.testcases.HomePageTest"/>
  <testcase name="addextrastation" time="0.724" classname="com.Myobservatory.qa.testcases.HomePageTest"/>
  <testcase name="Reload" time="0.872" classname="com.Myobservatory.qa.testcases.HomePageTest"/>
  <testcase name="daysforecast" time="10.085" classname="com.Myobservatory.qa.testcases.HomePageTest"/>
  <testcase name="validatextrastation" time="3.494" classname="com.Myobservatory.qa.testcases.StationListPageTest"/>
</testsuite> <!-- Default test -->
